[INFO] Scanning for projects...
[INFO] 
[INFO] ------------------------< com.churninsight:api >------------------------
[INFO] Building churninsight-api 0.0.1-SNAPSHOT
[INFO]   from pom.xml
[INFO] --------------------------------[ jar ]---------------------------------
[INFO] 
[INFO] >>> spring-boot:3.4.12:run (default-cli) > test-compile @ api >>>
[INFO] 
[INFO] --- resources:3.3.1:resources (default-resources) @ api ---
[INFO] Copying 1 resource from src/main/resources to target/classes
[INFO] Copying 1 resource from src/main/resources to target/classes
[INFO] 
[INFO] --- compiler:3.11.0:compile (default-compile) @ api ---
[INFO] Nothing to compile - all classes are up to date
[INFO] 
[INFO] --- resources:3.3.1:testResources (default-testResources) @ api ---
[INFO] skip non existing resourceDirectory /Users/pedroafonso/Downloads/churn-insight-main/api-java/src/test/resources
[INFO] 
[INFO] --- compiler:3.11.0:testCompile (default-testCompile) @ api ---
[INFO] Nothing to compile - all classes are up to date
[INFO] 
[INFO] <<< spring-boot:3.4.12:run (default-cli) < test-compile @ api <<<
[INFO] 
[INFO] 
[INFO] --- spring-boot:3.4.12:run (default-cli) @ api ---
[INFO] Attaching agents: []

  .   ____          _            __ _ _
 /\\ / ___'_ __ _ _(_)_ __  __ _ \ \ \ \
( ( )\___ | '_ | '_| | '_ \/ _` | \ \ \ \
 \\/  ___)| |_)| | | | | || (_| |  ) ) ) )
  '  |____| .__|_| |_|_| |_\__, | / / / /
 =========|_|==============|___/=/_/_/_/

 :: Spring Boot ::               (v3.4.12)

2026-01-05T19:44:13.798-03:00  INFO [reqId=] 1545 --- [churninsight-api] [  restartedMain] c.c.api.ChurninsightApiApplication       : Starting ChurninsightApiApplication using Java 17.0.12 with PID 1545 (/Users/pedroafonso/Downloads/churn-insight-main/api-java/target/classes started by pedroafonso in /Users/pedroafonso/Downloads/churn-insight-main/api-java)
2026-01-05T19:44:13.799-03:00  INFO [reqId=] 1545 --- [churninsight-api] [  restartedMain] c.c.api.ChurninsightApiApplication       : No active profile set, falling back to 1 default profile: "default"
2026-01-05T19:44:13.816-03:00  INFO [reqId=] 1545 --- [churninsight-api] [  restartedMain] .e.DevToolsPropertyDefaultsPostProcessor : Devtools property defaults active! Set 'spring.devtools.add-properties' to 'false' to disable
2026-01-05T19:44:13.816-03:00  INFO [reqId=] 1545 --- [churninsight-api] [  restartedMain] .e.DevToolsPropertyDefaultsPostProcessor : For additional web related logging consider setting the 'logging.level.web' property to 'DEBUG'
2026-01-05T19:44:14.245-03:00  INFO [reqId=] 1545 --- [churninsight-api] [  restartedMain] .s.d.r.c.RepositoryConfigurationDelegate : Bootstrapping Spring Data JPA repositories in DEFAULT mode.
2026-01-05T19:44:14.255-03:00  INFO [reqId=] 1545 --- [churninsight-api] [  restartedMain] .s.d.r.c.RepositoryConfigurationDelegate : Finished Spring Data repository scanning in 5 ms. Found 0 JPA repository interfaces.
2026-01-05T19:44:14.516-03:00  INFO [reqId=] 1545 --- [churninsight-api] [  restartedMain] o.s.b.w.embedded.tomcat.TomcatWebServer  : Tomcat initialized with port 8080 (http)
2026-01-05T19:44:14.522-03:00  INFO [reqId=] 1545 --- [churninsight-api] [  restartedMain] o.apache.catalina.core.StandardService   : Starting service [Tomcat]
2026-01-05T19:44:14.522-03:00  INFO [reqId=] 1545 --- [churninsight-api] [  restartedMain] o.apache.catalina.core.StandardEngine    : Starting Servlet engine: [Apache Tomcat/10.1.49]
2026-01-05T19:44:14.537-03:00  INFO [reqId=] 1545 --- [churninsight-api] [  restartedMain] o.a.c.c.C.[Tomcat].[localhost].[/]       : Initializing Spring embedded WebApplicationContext
2026-01-05T19:44:14.537-03:00  INFO [reqId=] 1545 --- [churninsight-api] [  restartedMain] w.s.c.ServletWebServerApplicationContext : Root WebApplicationContext: initialization completed in 721 ms
2026-01-05T19:44:14.632-03:00  INFO [reqId=] 1545 --- [churninsight-api] [  restartedMain] o.hibernate.jpa.internal.util.LogHelper  : HHH000204: Processing PersistenceUnitInfo [name: default]
2026-01-05T19:44:14.659-03:00  INFO [reqId=] 1545 --- [churninsight-api] [  restartedMain] org.hibernate.Version                    : HHH000412: Hibernate ORM core version 6.6.36.Final
2026-01-05T19:44:14.673-03:00  INFO [reqId=] 1545 --- [churninsight-api] [  restartedMain] o.h.c.internal.RegionFactoryInitiator    : HHH000026: Second-level cache disabled
2026-01-05T19:44:14.784-03:00  INFO [reqId=] 1545 --- [churninsight-api] [  restartedMain] o.s.o.j.p.SpringPersistenceUnitInfo      : No LoadTimeWeaver setup: ignoring JPA class transformer
2026-01-05T19:44:14.796-03:00  INFO [reqId=] 1545 --- [churninsight-api] [  restartedMain] com.zaxxer.hikari.HikariDataSource       : HikariPool-1 - Starting...
2026-01-05T19:44:14.871-03:00  INFO [reqId=] 1545 --- [churninsight-api] [  restartedMain] com.zaxxer.hikari.pool.HikariPool        : HikariPool-1 - Added connection conn0: url=jdbc:h2:mem:churn_db user=SA
2026-01-05T19:44:14.871-03:00  INFO [reqId=] 1545 --- [churninsight-api] [  restartedMain] com.zaxxer.hikari.HikariDataSource       : HikariPool-1 - Start completed.
2026-01-05T19:44:14.897-03:00  INFO [reqId=] 1545 --- [churninsight-api] [  restartedMain] org.hibernate.orm.connections.pooling    : HHH10001005: Database info:
	Database JDBC URL [Connecting through datasource 'HikariDataSource (HikariPool-1)']
	Database driver: undefined/unknown
	Database version: 2.3.232
	Autocommit mode: undefined/unknown
	Isolation level: undefined/unknown
	Minimum pool size: undefined/unknown
	Maximum pool size: undefined/unknown
2026-01-05T19:44:15.038-03:00  INFO [reqId=] 1545 --- [churninsight-api] [  restartedMain] o.h.e.t.j.p.i.JtaPlatformInitiator       : HHH000489: No JTA platform available (set 'hibernate.transaction.jta.platform' to enable JTA platform integration)
2026-01-05T19:44:15.039-03:00  INFO [reqId=] 1545 --- [churninsight-api] [  restartedMain] j.LocalContainerEntityManagerFactoryBean : Initialized JPA EntityManagerFactory for persistence unit 'default'
2026-01-05T19:44:15.390-03:00  INFO [reqId=] 1545 --- [churninsight-api] [  restartedMain] o.s.b.a.h2.H2ConsoleAutoConfiguration    : H2 console available at '/h2-console'. Database available at 'jdbc:h2:mem:churn_db'
2026-01-05T19:44:15.427-03:00  INFO [reqId=] 1545 --- [churninsight-api] [  restartedMain] o.s.b.d.a.OptionalLiveReloadServer       : LiveReload server is running on port 35729
2026-01-05T19:44:15.430-03:00  INFO [reqId=] 1545 --- [churninsight-api] [  restartedMain] o.s.b.a.e.web.EndpointLinksResolver      : Exposing 1 endpoint beneath base path '/actuator'
2026-01-05T19:44:15.465-03:00  INFO [reqId=] 1545 --- [churninsight-api] [  restartedMain] o.s.b.w.embedded.tomcat.TomcatWebServer  : Tomcat started on port 8080 (http) with context path '/'
2026-01-05T19:44:15.475-03:00  INFO [reqId=] 1545 --- [churninsight-api] [  restartedMain] c.c.api.ChurninsightApiApplication       : Started ChurninsightApiApplication in 1.82 seconds (process running for 2.019)
2026-01-05T19:44:15.493-03:00  WARN [reqId=] 1545 --- [churninsight-api] [  restartedMain] o.s.core.events.SpringDocAppInitializer  : SpringDoc /v3/api-docs endpoint is enabled by default. To disable it in production, set the property 'springdoc.api-docs.enabled=false'
2026-01-05T19:44:15.493-03:00  WARN [reqId=] 1545 --- [churninsight-api] [  restartedMain] o.s.core.events.SpringDocAppInitializer  : SpringDoc /swagger-ui.html endpoint is enabled by default. To disable it in production, set the property 'springdoc.swagger-ui.enabled=false'
2026-01-05T19:44:37.552-03:00  INFO [reqId=] 1545 --- [churninsight-api] [nio-8080-exec-1] o.a.c.c.C.[Tomcat].[localhost].[/]       : Initializing Spring DispatcherServlet 'dispatcherServlet'
2026-01-05T19:44:37.552-03:00  INFO [reqId=] 1545 --- [churninsight-api] [nio-8080-exec-1] o.s.web.servlet.DispatcherServlet        : Initializing Servlet 'dispatcherServlet'
2026-01-05T19:44:37.553-03:00  INFO [reqId=] 1545 --- [churninsight-api] [nio-8080-exec-1] o.s.web.servlet.DispatcherServlet        : Completed initialization in 0 ms
2026-01-05T20:32:15.694-03:00  INFO [reqId=f31a5d1edf4b47bbb27f682728f80c30] 1545 --- [churninsight-api] [nio-8080-exec-3] c.c.api.error.GlobalExceptionHandler     : Validation error: 1 field(s) invalid
2026-01-05T20:32:15.700-03:00  WARN [reqId=f31a5d1edf4b47bbb27f682728f80c30] 1545 --- [churninsight-api] [nio-8080-exec-3] .m.m.a.ExceptionHandlerExceptionResolver : Resolved [org.springframework.web.bind.MethodArgumentNotValidException: Validation failed for argument [0] in public org.springframework.http.ResponseEntity<com.churninsight.api.dto.PredictionResponseDto> com.churninsight.api.controller.PredictionController.predict(com.churninsight.api.dto.CustomerInputDto): [Field error in object 'customerInputDto' on field 'monthlyCharges': rejected value [1099.0]; codes [DecimalMax.customerInputDto.monthlyCharges,DecimalMax.monthlyCharges,DecimalMax.java.lang.Double,DecimalMax]; arguments [org.springframework.context.support.DefaultMessageSourceResolvable: codes [customerInputDto.monthlyCharges,monthlyCharges]; arguments []; default message [monthlyCharges],true,200.0]; default message [monthlyCharges is too high for telecom]] ]
2026-01-05T20:37:49.245-03:00  INFO [reqId=23d79ece64714a9aa5cc6bad3a3fb8de] 1545 --- [churninsight-api] [nio-8080-exec-4] c.c.api.error.GlobalExceptionHandler     : Validation error: 1 field(s) invalid
2026-01-05T20:37:49.248-03:00  WARN [reqId=23d79ece64714a9aa5cc6bad3a3fb8de] 1545 --- [churninsight-api] [nio-8080-exec-4] .m.m.a.ExceptionHandlerExceptionResolver : Resolved [org.springframework.web.bind.MethodArgumentNotValidException: Validation failed for argument [0] in public org.springframework.http.ResponseEntity<com.churninsight.api.dto.PredictionResponseDto> com.churninsight.api.controller.PredictionController.predict(com.churninsight.api.dto.CustomerInputDto): [Field error in object 'customerInputDto' on field 'monthlyCharges': rejected value [1099.0]; codes [DecimalMax.customerInputDto.monthlyCharges,DecimalMax.monthlyCharges,DecimalMax.java.lang.Double,DecimalMax]; arguments [org.springframework.context.support.DefaultMessageSourceResolvable: codes [customerInputDto.monthlyCharges,monthlyCharges]; arguments []; default message [monthlyCharges],true,200.0]; default message [monthlyCharges is too high for telecom]] ]
2026-01-05T20:39:20.757-03:00 ERROR [reqId=cf60b6103e2f4dc6a1ab62e2bb21fd9c] 1545 --- [churninsight-api] [nio-8080-exec-5] i.n.r.d.DnsServerAddressStreamProviders  : Unable to load io.netty.resolver.dns.macos.MacOSDnsServerAddressStreamProvider, fallback to system defaults. This may result in incorrect DNS resolutions on MacOS. Check whether you have a dependency on 'io.netty:netty-resolver-dns-native-macos'. Use DEBUG level to see the full stack: java.lang.UnsatisfiedLinkError: failed to load the required native library
2026-01-05T21:49:45.465-03:00  WARN [reqId=] 1545 --- [churninsight-api] [l-1 housekeeper] com.zaxxer.hikari.pool.HikariPool        : HikariPool-1 - Thread starvation or clock leap detected (housekeeper delta=17m58s217ms).
2026-01-05T22:06:30.150-03:00  WARN [reqId=] 1545 --- [churninsight-api] [l-1 housekeeper] com.zaxxer.hikari.pool.HikariPool        : HikariPool-1 - Thread starvation or clock leap detected (housekeeper delta=15m44s678ms).
2026-01-05T22:47:00.465-03:00  WARN [reqId=] 1545 --- [churninsight-api] [l-1 housekeeper] com.zaxxer.hikari.pool.HikariPool        : HikariPool-1 - Retrograde clock change detected (housekeeper delta=29s840ms), soft-evicting connections from pool.
2026-01-05T22:57:06.811-03:00  INFO [reqId=] 1545 --- [churninsight-api] [ionShutdownHook] o.s.b.w.e.tomcat.GracefulShutdown        : Commencing graceful shutdown. Waiting for active requests to complete
2026-01-05T22:57:06.815-03:00  INFO [reqId=] 1545 --- [churninsight-api] [tomcat-shutdown] o.s.b.w.e.tomcat.GracefulShutdown        : Graceful shutdown complete
2026-01-05T22:57:06.827-03:00  INFO [reqId=] 1545 --- [churninsight-api] [ionShutdownHook] j.LocalContainerEntityManagerFactoryBean : Closing JPA EntityManagerFactory for persistence unit 'default'
2026-01-05T22:57:06.832-03:00  WARN [reqId=] 1545 --- [churninsight-api] [ionShutdownHook] o.s.b.f.support.DisposableBeanAdapter    : Invocation of destroy method failed on bean with name 'inMemoryDatabaseShutdownExecutor': org.h2.jdbc.JdbcSQLNonTransientConnectionException: Database is already closed (to disable automatic closing at VM shutdown, add ";DB_CLOSE_ON_EXIT=FALSE" to the db URL) [90121-232]
2026-01-05T22:57:06.833-03:00  INFO [reqId=] 1545 --- [churninsight-api] [ionShutdownHook] com.zaxxer.hikari.HikariDataSource       : HikariPool-1 - Shutdown initiated...
2026-01-05T22:57:06.833-03:00  INFO [reqId=] 1545 --- [churninsight-api] [ionShutdownHook] com.zaxxer.hikari.HikariDataSource       : HikariPool-1 - Shutdown completed.
[INFO] ------------------------------------------------------------------------
[INFO] BUILD FAILURE
[INFO] ------------------------------------------------------------------------
[INFO] Total time:  03:12 h
[INFO] Finished at: 2026-01-05T22:57:07-03:00
[INFO] ------------------------------------------------------------------------
[ERROR] Failed to execute goal org.springframework.boot:spring-boot-maven-plugin:3.4.12:run (default-cli) on project api: Process terminated with exit code: 143 -> [Help 1]
[ERROR] 
[ERROR] To see the full stack trace of the errors, re-run Maven with the -e switch.
[ERROR] Re-run Maven using the -X switch to enable full debug logging.
[ERROR] 
[ERROR] For more information about the errors and possible solutions, please read the following articles:
[ERROR] [Help 1] http://cwiki.apache.org/confluence/display/MAVEN/MojoExecutionException
